<?xml version="1.0" encoding="UTF-8"?>
<!-- Generated by org.testng.reporters.JUnitXMLReporter -->
<testsuite hostname="LAPTOP-I5MPUN7Q" ignored="0" name="Default test" tests="3" failures="0" timestamp="2022-04-05T14:36:46 IST" time="41.02" errors="0">
  <testcase name="login" time="12.893" classname="dataProvider.DataProvider_Sample"/>
  <testcase name="login" time="12.086" classname="dataProvider.DataProvider_Sample"/>
  <testcase name="login" time="13.216" classname="dataProvider.DataProvider_Sample"/>
</testsuite> <!-- Default test -->
