<?xml version="1.0" encoding="UTF-8"?>
<testng-results skipped="0" failed="0" ignored="0" total="1" passed="1">
  <reporter-output>
  </reporter-output>
  <suite name="Default suite" duration-ms="15154" started-at="2022-04-04T17:57:50 IST" finished-at="2022-04-04T17:58:05 IST">
    <groups>
    </groups>
    <test name="Default test" duration-ms="15154" started-at="2022-04-04T17:57:50 IST" finished-at="2022-04-04T17:58:05 IST">
      <class name="com.testcases.HomePageTest">
        <test-method status="PASS" signature="loadConfig()[pri:0, instance:com.testcases.HomePageTest@32eebfca]" name="loadConfig" is-config="true" duration-ms="8" started-at="2022-04-04T17:57:50 IST" finished-at="2022-04-04T17:57:50 IST">
          <reporter-output>
          </reporter-output>
        </test-method> <!-- loadConfig -->
        <test-method status="PASS" signature="setup()[pri:0, instance:com.testcases.HomePageTest@32eebfca]" name="setup" is-config="true" duration-ms="10341" started-at="2022-04-04T17:57:50 IST" finished-at="2022-04-04T17:58:00 IST">
          <reporter-output>
          </reporter-output>
        </test-method> <!-- setup -->
        <test-method status="PASS" signature="verifyHomeTitle()[pri:0, instance:com.testcases.HomePageTest@32eebfca]" name="verifyHomeTitle" duration-ms="4773" started-at="2022-04-04T17:58:00 IST" finished-at="2022-04-04T17:58:05 IST">
          <reporter-output>
          </reporter-output>
        </test-method> <!-- verifyHomeTitle -->
      </class> <!-- com.testcases.HomePageTest -->
    </test> <!-- Default test -->
  </suite> <!-- Default suite -->
</testng-results>
