<?xml version="1.0" encoding="UTF-8"?>
<testng-results skipped="0" failed="0" ignored="0" total="1" passed="1">
  <reporter-output>
  </reporter-output>
  <suite name="Suite" duration-ms="8119" started-at="2022-03-16T13:02:27 IST" finished-at="2022-03-16T13:02:35 IST">
    <groups>
    </groups>
    <test name="Test" duration-ms="8119" started-at="2022-03-16T13:02:27 IST" finished-at="2022-03-16T13:02:35 IST">
      <class name="loginCredential.OrangeHrm">
        <test-method status="PASS" signature="login()[pri:0, instance:loginCredential.OrangeHrm@8b96fde]" name="login" duration-ms="8087" started-at="2022-03-16T13:02:27 IST" finished-at="2022-03-16T13:02:35 IST">
          <reporter-output>
          </reporter-output>
        </test-method> <!-- login -->
      </class> <!-- loginCredential.OrangeHrm -->
    </test> <!-- Test -->
  </suite> <!-- Suite -->
</testng-results>
