<?xml version="1.0" encoding="UTF-8"?>
<testng-results skipped="0" failed="0" ignored="0" total="1" passed="1">
  <reporter-output>
  </reporter-output>
  <suite name="Default suite" duration-ms="16402" started-at="2022-03-17T15:35:49 IST" finished-at="2022-03-17T15:36:05 IST">
    <groups>
    </groups>
    <test name="Default test" duration-ms="16402" started-at="2022-03-17T15:35:49 IST" finished-at="2022-03-17T15:36:05 IST">
      <class name="regression.LaunchBrowser">
        <test-method status="PASS" signature="setup()[pri:0, instance:regression.LaunchBrowser@1a0dcaa]" name="setup" duration-ms="16359" started-at="2022-03-17T15:35:49 IST" finished-at="2022-03-17T15:36:05 IST">
          <reporter-output>
          </reporter-output>
        </test-method> <!-- setup -->
      </class> <!-- regression.LaunchBrowser -->
    </test> <!-- Default test -->
  </suite> <!-- Default suite -->
</testng-results>
