<?xml version="1.0" encoding="UTF-8"?>
<testng-results skipped="0" failed="0" ignored="0" total="3" passed="3">
  <reporter-output>
  </reporter-output>
  <suite name="Default suite" duration-ms="41020" started-at="2022-04-05T14:36:05 IST" finished-at="2022-04-05T14:36:46 IST">
    <groups>
    </groups>
    <test name="Default test" duration-ms="41020" started-at="2022-04-05T14:36:05 IST" finished-at="2022-04-05T14:36:46 IST">
      <class name="dataProvider.DataProvider_Sample">
        <test-method status="PASS" signature="login(java.lang.String,java.lang.String)[pri:0, instance:dataProvider.DataProvider_Sample@197d671]" name="login" duration-ms="12893" started-at="2022-04-05T14:36:05 IST" data-provider="OrangeHrm" finished-at="2022-04-05T14:36:18 IST">
          <params>
            <param index="0">
              <value>
                <![CDATA[admin1]]>
              </value>
            </param>
            <param index="1">
              <value>
                <![CDATA[manager]]>
              </value>
            </param>
          </params>
          <reporter-output>
          </reporter-output>
        </test-method> <!-- login -->
        <test-method status="PASS" signature="tearDown()[pri:0, instance:dataProvider.DataProvider_Sample@197d671]" name="tearDown" is-config="true" duration-ms="1418" started-at="2022-04-05T14:36:18 IST" finished-at="2022-04-05T14:36:20 IST">
          <reporter-output>
          </reporter-output>
        </test-method> <!-- tearDown -->
        <test-method status="PASS" signature="login(java.lang.String,java.lang.String)[pri:0, instance:dataProvider.DataProvider_Sample@197d671]" name="login" duration-ms="12086" started-at="2022-04-05T14:36:20 IST" data-provider="OrangeHrm" finished-at="2022-04-05T14:36:32 IST">
          <params>
            <param index="0">
              <value>
                <![CDATA[admin]]>
              </value>
            </param>
            <param index="1">
              <value>
                <![CDATA[manager]]>
              </value>
            </param>
          </params>
          <reporter-output>
          </reporter-output>
        </test-method> <!-- login -->
        <test-method status="PASS" signature="tearDown()[pri:0, instance:dataProvider.DataProvider_Sample@197d671]" name="tearDown" is-config="true" duration-ms="670" started-at="2022-04-05T14:36:32 IST" finished-at="2022-04-05T14:36:32 IST">
          <reporter-output>
          </reporter-output>
        </test-method> <!-- tearDown -->
        <test-method status="PASS" signature="login(java.lang.String,java.lang.String)[pri:0, instance:dataProvider.DataProvider_Sample@197d671]" name="login" duration-ms="13216" started-at="2022-04-05T14:36:32 IST" data-provider="OrangeHrm" finished-at="2022-04-05T14:36:46 IST">
          <params>
            <param index="0">
              <value>
                <![CDATA[Admin]]>
              </value>
            </param>
            <param index="1">
              <value>
                <![CDATA[admin1234]]>
              </value>
            </param>
          </params>
          <reporter-output>
          </reporter-output>
        </test-method> <!-- login -->
        <test-method status="PASS" signature="tearDown()[pri:0, instance:dataProvider.DataProvider_Sample@197d671]" name="tearDown" is-config="true" duration-ms="694" started-at="2022-04-05T14:36:46 IST" finished-at="2022-04-05T14:36:46 IST">
          <reporter-output>
          </reporter-output>
        </test-method> <!-- tearDown -->
      </class> <!-- dataProvider.DataProvider_Sample -->
    </test> <!-- Default test -->
  </suite> <!-- Default suite -->
</testng-results>
