<?xml version="1.0" encoding="UTF-8"?>
<testng-results ignored="0" total="1" passed="1" failed="0" skipped="0">
  <reporter-output>
  </reporter-output>
  <suite started-at="2022-03-17T11:54:07 IST" name="Default suite" finished-at="2022-03-17T11:54:12 IST" duration-ms="5630">
    <groups>
    </groups>
    <test started-at="2022-03-17T11:54:07 IST" name="Default test" finished-at="2022-03-17T11:54:12 IST" duration-ms="5630">
      <class name="test.VerifyTitle">
        <test-method signature="test1()[pri:0, instance:test.VerifyTitle@2254127a]" started-at="2022-03-17T11:54:07 IST" name="test1" finished-at="2022-03-17T11:54:12 IST" duration-ms="5587" status="PASS">
          <reporter-output>
          </reporter-output>
        </test-method> <!-- test1 -->
      </class> <!-- test.VerifyTitle -->
    </test> <!-- Default test -->
  </suite> <!-- Default suite -->
</testng-results>
